\BOOKMARK [1][]{section*.1}{\376\377\000T\000a\000b\000l\000e\000\040\000d\000e\000s\000\040\000m\000a\000t\000i\000\350\000r\000e\000s}{}% 1
\BOOKMARK [1][]{section.1}{\376\377\0001\000\040\000I\000n\000t\000r\000o\000d\000u\000c\000t\000i\000o\000n}{}% 2
\BOOKMARK [1][]{section.2}{\376\377\0002\000\040\000A\000r\000c\000h\000i\000t\000e\000c\000t\000u\000r\000e\000\040\000G\000\351\000n\000\351\000r\000a\000l\000e}{}% 3
\BOOKMARK [1][]{section.3}{\376\377\0003\000\040\000F\000o\000n\000c\000t\000i\000o\000n\000n\000a\000l\000i\000t\000\351\000s\000\040\000P\000r\000i\000n\000c\000i\000p\000a\000l\000e\000s}{}% 4
\BOOKMARK [2][]{subsection.3.1}{\376\377\0003\000.\0001\000\040\000G\000\351\000n\000\351\000r\000a\000t\000i\000o\000n\000\040\000d\000e\000\040\000l\000'\000A\000r\000b\000o\000r\000e\000s\000c\000e\000n\000c\000e\000\040\000d\000u\000\040\000R\000\351\000p\000e\000r\000t\000o\000i\000r\000e}{section.3}% 5
\BOOKMARK [2][]{subsection.3.2}{\376\377\0003\000.\0002\000\040\000C\000o\000n\000c\000a\000t\000\351\000n\000a\000t\000i\000o\000n\000\040\000S\000\351\000l\000e\000c\000t\000i\000v\000e\000\040\000d\000u\000\040\000C\000o\000n\000t\000e\000n\000u\000\040\000d\000e\000s\000\040\000F\000i\000c\000h\000i\000e\000r\000s}{section.3}% 6
\BOOKMARK [2][]{subsection.3.3}{\376\377\0003\000.\0003\000\040\000G\000e\000s\000t\000i\000o\000n\000\040\000d\000e\000\040\000l\000a\000\040\000C\000o\000n\000f\000i\000g\000u\000r\000a\000t\000i\000o\000n\000\040\000v\000i\000a\000\040\000.\000c\000o\000n\000c\000a\000t\000\137\000c\000o\000n\000f\000i\000g\000.\000j\000s\000o\000n}{section.3}% 7
\BOOKMARK [2][]{subsection.3.4}{\376\377\0003\000.\0004\000\040\000I\000n\000t\000e\000r\000f\000a\000c\000e\000\040\000U\000t\000i\000l\000i\000s\000a\000t\000e\000u\000r\000\040\000\050\000G\000U\000I\000\051}{section.3}% 8
\BOOKMARK [1][]{section.4}{\376\377\0004\000\040\000C\000o\000n\000c\000e\000p\000t\000i\000o\000n\000\040\000D\000\351\000t\000a\000i\000l\000l\000\351\000e}{}% 9
\BOOKMARK [2][]{subsection.4.1}{\376\377\0004\000.\0001\000\040\000M\000o\000d\000u\000l\000e\000\040\000P\000r\000i\000n\000c\000i\000p\000a\000l\000\040\000\050\000m\000a\000i\000n\000.\000p\000y\000\051}{section.4}% 10
\BOOKMARK [2][]{subsection.4.2}{\376\377\0004\000.\0002\000\040\000G\000e\000s\000t\000i\000o\000n\000\040\000d\000e\000\040\000l\000a\000\040\000C\000o\000n\000f\000i\000g\000u\000r\000a\000t\000i\000o\000n}{section.4}% 11
\BOOKMARK [2][]{subsection.4.3}{\376\377\0004\000.\0003\000\040\000L\000o\000g\000i\000q\000u\000e\000\040\000d\000e\000\040\000T\000r\000a\000i\000t\000e\000m\000e\000n\000t\000\040\000d\000e\000s\000\040\000F\000i\000c\000h\000i\000e\000r\000s}{section.4}% 12
\BOOKMARK [2][]{subsection.4.4}{\376\377\0004\000.\0004\000\040\000G\000\351\000n\000\351\000r\000a\000t\000i\000o\000n\000\040\000d\000e\000\040\000l\000'\000A\000r\000b\000o\000r\000e\000s\000c\000e\000n\000c\000e}{section.4}% 13
\BOOKMARK [2][]{subsection.4.5}{\376\377\0004\000.\0005\000\040\000I\000n\000t\000e\000r\000f\000a\000c\000e\000\040\000U\000t\000i\000l\000i\000s\000a\000t\000e\000u\000r\000\040\000\050\000T\000k\000i\000n\000t\000e\000r\000\051}{section.4}% 14
\BOOKMARK [1][]{section.5}{\376\377\0005\000\040\000T\000e\000c\000h\000n\000o\000l\000o\000g\000i\000e\000s\000\040\000U\000t\000i\000l\000i\000s\000\351\000e\000s}{}% 15
\BOOKMARK [1][]{section.6}{\376\377\0006\000\040\000D\000\351\000p\000l\000o\000i\000e\000m\000e\000n\000t}{}% 16
\BOOKMARK [2][]{subsection.6.1}{\376\377\0006\000.\0001\000\040\000U\000t\000i\000l\000i\000s\000a\000t\000i\000o\000n\000\040\000d\000e\000\040\000P\000y\000I\000n\000s\000t\000a\000l\000l\000e\000r}{section.6}% 17
\BOOKMARK [2][]{subsection.6.2}{\376\377\0006\000.\0002\000\040\000F\000i\000c\000h\000i\000e\000r\000\040\000d\000e\000\040\000S\000p\000\351\000c\000i\000f\000i\000c\000a\000t\000i\000o\000n\000\040\000G\000e\000n\000T\000X\000T\000.\000s\000p\000e\000c}{section.6}% 18
\BOOKMARK [2][]{subsection.6.3}{\376\377\0006\000.\0003\000\040\000C\000o\000m\000m\000a\000n\000d\000e\000\040\000d\000e\000\040\000B\000u\000i\000l\000d}{section.6}% 19
\BOOKMARK [1][]{section.7}{\376\377\0007\000\040\000C\000o\000n\000c\000l\000u\000s\000i\000o\000n}{}% 20
\BOOKMARK [2][]{subsection.7.1}{\376\377\0007\000.\0001\000\040\000P\000i\000s\000t\000e\000s\000\040\000d\000'\000A\000m\000\351\000l\000i\000o\000r\000a\000t\000i\000o\000n\000\040\000P\000o\000s\000s\000i\000b\000l\000e\000s}{section.7}% 21
\BOOKMARK [1][]{appendix.A}{\376\377\000A\000\040\000A\000n\000n\000e\000x\000e\000\040\000:\000\040\000C\000o\000n\000f\000i\000g\000u\000r\000a\000t\000i\000o\000n\000\040\000p\000a\000r\000\040\000D\000\351\000f\000a\000u\000t}{}% 22
